<?xml version="1.0" encoding="UTF-8"?>
<!-- Generated by org.testng.reporters.JUnitReportReporter -->
<testsuite hostname="DESKTOP-QN8GHH2" failures="0" tests="1" name="Test_API.TestDelete_Partner1" time="4.957" errors="0" timestamp="2024-11-23T18:59:02 PKT" skipped="0">
  <testcase classname="Test_API.TestDelete_Partner1" name="TC4" time="4.957"/>
  <system-out/>
</testsuite> <!-- Test_API.TestDelete_Partner1 -->
