<?xml version="1.0" encoding="UTF-8"?>
<!-- Generated by org.testng.reporters.JUnitReportReporter -->
<testsuite hostname="DESKTOP-QUOSCFQ" failures="0" tests="1" name="Test_API_2.TestPost_Partner2" time="4.892" errors="0" timestamp="2024-11-23T19:34:58 PKT" skipped="0">
  <testcase classname="Test_API_2.TestPost_Partner2" name="TC2" time="4.892"/>
  <system-out/>
</testsuite> <!-- Test_API_2.TestPost_Partner2 -->
