<?xml version="1.0" encoding="UTF-8"?>
<!-- Generated by org.testng.reporters.JUnitReportReporter -->
<testsuite hostname="DESKTOP-QN8GHH2" failures="0" tests="1" name="Test_API.TestGet_Partner1" time="5.167" errors="0" timestamp="2024-11-23T18:36:28 PKT" skipped="0">
  <testcase classname="Test_API.TestGet_Partner1" name="TC1" time="5.167"/>
  <system-out/>
</testsuite> <!-- Test_API.TestGet_Partner1 -->
