<?xml version="1.0" encoding="UTF-8"?>
<!-- Generated by org.testng.reporters.JUnitReportReporter -->
<testsuite hostname="DESKTOP-QUOSCFQ" failures="0" tests="1" name="Test_API_2.TestDelete_Partner2" time="3.786" errors="0" timestamp="2024-11-23T19:47:02 PKT" skipped="0">
  <testcase classname="Test_API_2.TestDelete_Partner2" name="TC4" time="3.786"/>
  <system-out/>
</testsuite> <!-- Test_API_2.TestDelete_Partner2 -->
