<?xml version="1.0" encoding="UTF-8"?>
<!-- Generated by org.testng.reporters.JUnitReportReporter -->
<testsuite hostname="DESKTOP-QN8GHH2" failures="0" tests="1" name="Test_API.TestPost_Partner1" time="9.170" errors="0" timestamp="2024-11-23T15:38:32 PKT" skipped="0">
  <testcase classname="Test_API.TestPost_Partner1" name="TC2" time="9.170"/>
  <system-out/>
</testsuite> <!-- Test_API.TestPost_Partner1 -->
